<?xml version="1.0" encoding="UTF-8"?>
<!-- Generated by org.testng.reporters.JUnitXMLReporter -->
<testsuite ignored="0" hostname="DESKTOP-KLH8Q24" failures="0" tests="3" name="Default test" time="9.814" errors="0" timestamp="2022-08-21T20:57:34 ART">
  <testcase classname="testLogin.Test_Login_Failed" name="signUpEmpty" time="0.334"/>
  <testcase classname="testLogin.Test_Login_Failed" name="alreadyRegisteredEmpty" time="6.042"/>
  <testcase classname="testLogin.Test_Login_Failed" name="alreadyRegisteredFailed" time="3.361"/>
</testsuite> <!-- Default test -->
