<?xml version="1.0" encoding="UTF-8"?>
<testng-results ignored="0" total="2" passed="2" failed="0" skipped="0">
  <reporter-output>
  </reporter-output>
  <suite started-at="2022-08-20T19:55:30 ART" name="Default suite" finished-at="2022-08-20T19:55:46 ART" duration-ms="16035">
    <groups>
    </groups>
    <test started-at="2022-08-20T19:55:30 ART" name="Default test" finished-at="2022-08-20T19:55:46 ART" duration-ms="16035">
      <class name="TestLogin.Login">
        <test-method is-config="true" signature="setUp()[pri:0, instance:TestLogin.Login@22ef9844]" started-at="2022-08-20T19:55:30 ART" name="setUp" finished-at="2022-08-20T19:55:35 ART" duration-ms="5046" status="PASS">
          <reporter-output>
          </reporter-output>
        </test-method> <!-- setUp -->
        <test-method signature="loginOk()[pri:0, instance:TestLogin.Login@22ef9844]" started-at="2022-08-20T19:55:35 ART" name="loginOk" finished-at="2022-08-20T19:55:41 ART" duration-ms="5907" status="PASS">
          <reporter-output>
          </reporter-output>
        </test-method> <!-- loginOk -->
        <test-method is-config="true" signature="closePage()[pri:0, instance:TestLogin.Login@22ef9844]" started-at="2022-08-20T19:55:41 ART" name="closePage" finished-at="2022-08-20T19:55:41 ART" duration-ms="330" status="PASS">
          <reporter-output>
          </reporter-output>
        </test-method> <!-- closePage -->
        <test-method is-config="true" signature="setUp()[pri:0, instance:TestLogin.Login@22ef9844]" started-at="2022-08-20T19:55:41 ART" name="setUp" finished-at="2022-08-20T19:55:44 ART" duration-ms="2699" status="PASS">
          <reporter-output>
          </reporter-output>
        </test-method> <!-- setUp -->
        <test-method signature="loginNoOK()[pri:1, instance:TestLogin.Login@22ef9844]" started-at="2022-08-20T19:55:44 ART" name="loginNoOK" finished-at="2022-08-20T19:55:46 ART" duration-ms="1670" status="PASS">
          <reporter-output>
          </reporter-output>
        </test-method> <!-- loginNoOK -->
        <test-method is-config="true" signature="closePage()[pri:0, instance:TestLogin.Login@22ef9844]" started-at="2022-08-20T19:55:46 ART" name="closePage" finished-at="2022-08-20T19:55:46 ART" duration-ms="327" status="PASS">
          <reporter-output>
          </reporter-output>
        </test-method> <!-- closePage -->
      </class> <!-- TestLogin.Login -->
    </test> <!-- Default test -->
  </suite> <!-- Default suite -->
</testng-results>
