<?xml version="1.0" encoding="UTF-8"?>
<testng-results ignored="0" total="2" passed="2" failed="0" skipped="0">
  <reporter-output>
  </reporter-output>
  <suite started-at="2022-08-16T21:46:34 ART" name="Default suite" finished-at="2022-08-16T21:47:02 ART" duration-ms="27900">
    <groups>
    </groups>
    <test started-at="2022-08-16T21:46:34 ART" name="Default test" finished-at="2022-08-16T21:47:02 ART" duration-ms="27900">
      <class name="QA.Proyectos.Login">
        <test-method is-config="true" signature="setUp()[pri:0, instance:QA.Proyectos.Login@505fc5a4]" started-at="2022-08-16T21:46:34 ART" name="setUp" finished-at="2022-08-16T21:46:43 ART" duration-ms="9127" status="PASS">
          <reporter-output>
          </reporter-output>
        </test-method> <!-- setUp -->
        <test-method signature="loginOk()[pri:0, instance:QA.Proyectos.Login@505fc5a4]" started-at="2022-08-16T21:46:43 ART" name="loginOk" finished-at="2022-08-16T21:46:48 ART" duration-ms="5490" status="PASS">
          <reporter-output>
          </reporter-output>
        </test-method> <!-- loginOk -->
        <test-method is-config="true" signature="closePage()[pri:0, instance:QA.Proyectos.Login@505fc5a4]" started-at="2022-08-16T21:46:48 ART" name="closePage" finished-at="2022-08-16T21:46:49 ART" duration-ms="175" status="PASS">
          <reporter-output>
          </reporter-output>
        </test-method> <!-- closePage -->
        <test-method is-config="true" signature="setUp()[pri:0, instance:QA.Proyectos.Login@505fc5a4]" started-at="2022-08-16T21:46:49 ART" name="setUp" finished-at="2022-08-16T21:46:56 ART" duration-ms="7553" status="PASS">
          <reporter-output>
          </reporter-output>
        </test-method> <!-- setUp -->
        <test-method signature="loginNoOK()[pri:1, instance:QA.Proyectos.Login@505fc5a4]" started-at="2022-08-16T21:46:56 ART" name="loginNoOK" finished-at="2022-08-16T21:47:01 ART" duration-ms="5362" status="PASS">
          <reporter-output>
          </reporter-output>
        </test-method> <!-- loginNoOK -->
        <test-method is-config="true" signature="closePage()[pri:0, instance:QA.Proyectos.Login@505fc5a4]" started-at="2022-08-16T21:47:01 ART" name="closePage" finished-at="2022-08-16T21:47:02 ART" duration-ms="138" status="PASS">
          <reporter-output>
          </reporter-output>
        </test-method> <!-- closePage -->
      </class> <!-- QA.Proyectos.Login -->
    </test> <!-- Default test -->
  </suite> <!-- Default suite -->
</testng-results>
