<?xml version="1.0" encoding="UTF-8"?>
<!-- Generated by org.testng.reporters.JUnitXMLReporter -->
<testsuite ignored="0" hostname="DESKTOP-KLH8Q24" failures="0" tests="7" name="Test" time="42.833" errors="0" timestamp="2022-09-06T18:38:58 ART">
  <testcase classname="testLogin.Login" name="loginOk" time="0.557"/>
  <testcase classname="testLogin.Login" name="loginOk" time="3.143"/>
  <testcase classname="testLogin.Login" name="loginOk" time="0.452"/>
  <testcase classname="testLogin.Login" name="loginOk" time="5.594"/>
  <testcase classname="testLogin.Login" name="loginOk" time="2.673"/>
  <testcase classname="testLogin.Login" name="loginOk" time="2.757"/>
  <testcase classname="testLogin.Login" name="loginOk" time="2.686"/>
</testsuite> <!-- Test -->
