<?xml version="1.0" encoding="UTF-8"?>
<testng-results ignored="0" total="6" passed="6" failed="0" skipped="0">
  <reporter-output>
  </reporter-output>
  <suite started-at="2022-08-21T22:59:02 ART" name="Suite" finished-at="2022-08-21T22:59:22 ART" duration-ms="20856">
    <groups>
    </groups>
    <test started-at="2022-08-21T22:59:02 ART" name="PruebaEnChrome" finished-at="2022-08-21T22:59:12 ART" duration-ms="10068">
      <class name="testLogin.Test_Failed">
        <test-method is-config="true" signature="setUs(java.lang.String)[pri:0, instance:testLogin.Test_Failed@791f145a]" started-at="2022-08-21T22:59:02 ART" name="setUs" finished-at="2022-08-21T22:59:08 ART" duration-ms="6429" status="PASS">
          <params>
            <param index="0">
              <value>
                <![CDATA[Chrome]]>
              </value>
            </param>
          </params>
          <reporter-output>
          </reporter-output>
        </test-method> <!-- setUs -->
        <test-method signature="signUpEmpty()[pri:1, instance:testLogin.Test_Failed@791f145a]" started-at="2022-08-21T22:59:08 ART" name="signUpEmpty" description="CP01 - Crear Cuenta - emial Vacio" finished-at="2022-08-21T22:59:08 ART" duration-ms="190" status="PASS">
          <reporter-output>
          </reporter-output>
        </test-method> <!-- signUpEmpty -->
        <test-method signature="alreadyRegisteredEmpty()[pri:2, instance:testLogin.Test_Failed@791f145a]" started-at="2022-08-21T22:59:08 ART" name="alreadyRegisteredEmpty" description="CP02 - Ya Registrado emial o contraseña vacios" finished-at="2022-08-21T22:59:10 ART" duration-ms="1449" status="PASS">
          <reporter-output>
          </reporter-output>
        </test-method> <!-- alreadyRegisteredEmpty -->
        <test-method signature="alreadyRegisteredFailed()[pri:3, instance:testLogin.Test_Failed@791f145a]" started-at="2022-08-21T22:59:10 ART" name="alreadyRegisteredFailed" description="CP03 - Ya Registrado emial o contraseña incorrecta" finished-at="2022-08-21T22:59:12 ART" duration-ms="1931" status="PASS">
          <reporter-output>
          </reporter-output>
        </test-method> <!-- alreadyRegisteredFailed -->
      </class> <!-- testLogin.Test_Failed -->
    </test> <!-- PruebaEnChrome -->
    <test started-at="2022-08-21T22:59:12 ART" name="PruebaEnFirefox" finished-at="2022-08-21T22:59:22 ART" duration-ms="10697">
      <class name="testLogin.Test_Failed">
        <test-method is-config="true" signature="setUs(java.lang.String)[pri:0, instance:testLogin.Test_Failed@3e27ba32]" started-at="2022-08-21T22:59:12 ART" name="setUs" finished-at="2022-08-21T22:59:19 ART" duration-ms="7197" status="PASS">
          <params>
            <param index="0">
              <value>
                <![CDATA[Firefox]]>
              </value>
            </param>
          </params>
          <reporter-output>
          </reporter-output>
        </test-method> <!-- setUs -->
        <test-method signature="signUpEmpty()[pri:1, instance:testLogin.Test_Failed@3e27ba32]" started-at="2022-08-21T22:59:19 ART" name="signUpEmpty" description="CP01 - Crear Cuenta - emial Vacio" finished-at="2022-08-21T22:59:19 ART" duration-ms="329" status="PASS">
          <reporter-output>
          </reporter-output>
        </test-method> <!-- signUpEmpty -->
        <test-method signature="alreadyRegisteredEmpty()[pri:2, instance:testLogin.Test_Failed@3e27ba32]" started-at="2022-08-21T22:59:19 ART" name="alreadyRegisteredEmpty" description="CP02 - Ya Registrado emial o contraseña vacios" finished-at="2022-08-21T22:59:21 ART" duration-ms="1449" status="PASS">
          <reporter-output>
          </reporter-output>
        </test-method> <!-- alreadyRegisteredEmpty -->
        <test-method signature="alreadyRegisteredFailed()[pri:3, instance:testLogin.Test_Failed@3e27ba32]" started-at="2022-08-21T22:59:21 ART" name="alreadyRegisteredFailed" description="CP03 - Ya Registrado emial o contraseña incorrecta" finished-at="2022-08-21T22:59:22 ART" duration-ms="1705" status="PASS">
          <reporter-output>
          </reporter-output>
        </test-method> <!-- alreadyRegisteredFailed -->
        <test-method is-config="true" signature="ClosePage()[pri:0, instance:testLogin.Test_Failed@3e27ba32]" started-at="2022-08-21T22:59:22 ART" name="ClosePage" finished-at="2022-08-21T22:59:24 ART" duration-ms="1231" status="PASS">
          <reporter-output>
          </reporter-output>
        </test-method> <!-- ClosePage -->
      </class> <!-- testLogin.Test_Failed -->
    </test> <!-- PruebaEnFirefox -->
  </suite> <!-- Suite -->
</testng-results>
