<?xml version="1.0" encoding="UTF-8"?>
<!-- Generated by org.testng.reporters.JUnitXMLReporter -->
<testsuite ignored="0" hostname="DESKTOP-KLH8Q24" failures="0" tests="3" name="PruebaEnFirefox" time="10.697" errors="0" timestamp="2022-08-21T22:59:22 ART">
  <testcase classname="testLogin.Test_Failed" name="signUpEmpty" time="0.329"/>
  <testcase classname="testLogin.Test_Failed" name="alreadyRegisteredEmpty" time="1.449"/>
  <testcase classname="testLogin.Test_Failed" name="alreadyRegisteredFailed" time="1.705"/>
</testsuite> <!-- PruebaEnFirefox -->
