<?xml version="1.0" encoding="UTF-8"?>
<!-- Generated by org.testng.reporters.JUnitXMLReporter -->
<testsuite ignored="0" hostname="DESKTOP-KLH8Q24" failures="0" tests="7" name="Default test" time="44.337" errors="0" timestamp="2022-09-06T18:33:50 ART">
  <testcase classname="testLogin.Login" name="loginOk" time="0.685"/>
  <testcase classname="testLogin.Login" name="loginOk" time="3.184"/>
  <testcase classname="testLogin.Login" name="loginOk" time="0.554"/>
  <testcase classname="testLogin.Login" name="loginOk" time="5.554"/>
  <testcase classname="testLogin.Login" name="loginOk" time="2.686"/>
  <testcase classname="testLogin.Login" name="loginOk" time="2.777"/>
  <testcase classname="testLogin.Login" name="loginOk" time="2.639"/>
</testsuite> <!-- Default test -->
